Using pre-set license
Built from '2021.3/staging' branch; Version is '2021.3.3f1 (af2e63e8f9bd) revision 11480675'; Using compiler version '192829333'; Build Type 'Release'
OS: 'Windows 10  (10.0.19045) 64bit Professional' Language: 'zh' Physical Memory: 32719 MB
BatchMode: 1, IsHumanControllingUs: 0, StartBugReporterOnCrash: 0, Is64bit: 1, IsPro: 1

COMMAND LINE ARGUMENTS:
D:\Tools\unity2021\Editor\Unity.exe
-adb2
-batchMode
-noUpm
-name
AssetImportWorker3
-projectPath
E:/UnityProject/My project
-logFile
Logs/AssetImportWorker3.log
-srvPort
57774
Successfully changed project path to: E:/UnityProject/My project
E:/UnityProject/My project
[UnityMemory] Configuration Parameters - Can be set up in boot.config
    "memorysetup-bucket-allocator-granularity=16"
    "memorysetup-bucket-allocator-bucket-count=8"
    "memorysetup-bucket-allocator-block-size=33554432"
    "memorysetup-bucket-allocator-block-count=8"
    "memorysetup-main-allocator-block-size=16777216"
    "memorysetup-thread-allocator-block-size=16777216"
    "memorysetup-gfx-main-allocator-block-size=16777216"
    "memorysetup-gfx-thread-allocator-block-size=16777216"
    "memorysetup-cache-allocator-block-size=4194304"
    "memorysetup-typetree-allocator-block-size=2097152"
    "memorysetup-profiler-bucket-allocator-granularity=16"
    "memorysetup-profiler-bucket-allocator-bucket-count=8"
    "memorysetup-profiler-bucket-allocator-block-size=33554432"
    "memorysetup-profiler-bucket-allocator-block-count=8"
    "memorysetup-profiler-allocator-block-size=16777216"
    "memorysetup-profiler-editor-allocator-block-size=1048576"
    "memorysetup-temp-allocator-size-main=16777216"
    "memorysetup-job-temp-allocator-block-size=2097152"
    "memorysetup-job-temp-allocator-block-size-background=1048576"
    "memorysetup-job-temp-allocator-reduction-small-platforms=262144"
    "memorysetup-temp-allocator-size-background-worker=32768"
    "memorysetup-temp-allocator-size-job-worker=262144"
    "memorysetup-temp-allocator-size-preload-manager=33554432"
    "memorysetup-temp-allocator-size-nav-mesh-worker=65536"
    "memorysetup-temp-allocator-size-audio-worker=65536"
    "memorysetup-temp-allocator-size-cloud-worker=32768"
    "memorysetup-temp-allocator-size-gi-baking-worker=262144"
    "memorysetup-temp-allocator-size-gfx=262144"
Refreshing native plugins compatible for Editor in 115.14 ms, found 3 plugins.
Preloading 0 native plugins for Editor in 0.00 ms.
Initialize engine version: 2021.3.3f1 (af2e63e8f9bd)
[Subsystems] Discovering subsystems at path D:/Tools/unity2021/Editor/Data/Resources/UnitySubsystems
[Subsystems] Discovering subsystems at path E:/UnityProject/My project/Assets
GfxDevice: creating device client; threaded=0; jobified=0
Direct3D:
    Version:  Direct3D 11.0 [level 11.1]
    Renderer: NVIDIA GeForce GTX 1080 (ID=0x1b80)
    Vendor:   NVIDIA
    VRAM:     8079 MB
    Driver:   31.0.15.1694
Initialize mono
Mono path[0] = 'D:/Tools/unity2021/Editor/Data/Managed'
Mono path[1] = 'D:/Tools/unity2021/Editor/Data/MonoBleedingEdge/lib/mono/unityjit-win32'
Mono config path = 'D:/Tools/unity2021/Editor/Data/MonoBleedingEdge/etc'
Using monoOptions --debugger-agent=transport=dt_socket,embedding=1,server=y,suspend=n,address=127.0.0.1:56480
Begin MonoManager ReloadAssembly
Registering precompiled unity dll's ...
Register platform support module: D:/Tools/unity2021/Editor/Data/PlaybackEngines/AndroidPlayer/UnityEditor.Android.Extensions.dll
Register platform support module: D:/Tools/unity2021/Editor/Data/PlaybackEngines/WindowsStandaloneSupport/UnityEditor.WindowsStandalone.Extensions.dll
Registered in 0.002742 seconds.
Native extension for WindowsStandalone target not found
Native extension for Android target not found
Refreshing native plugins compatible for Editor in 117.27 ms, found 3 plugins.
Preloading 0 native plugins for Editor in 0.00 ms.
Mono: successfully reloaded assembly
- Completed reload, in  0.675 seconds
Domain Reload Profiling:
	ReloadAssembly (675ms)
		BeginReloadAssembly (65ms)
			ExecutionOrderSort (0ms)
			DisableScriptedObjects (0ms)
			BackupInstance (0ms)
			ReleaseScriptingObjects (0ms)
			CreateAndSetChildDomain (1ms)
		EndReloadAssembly (501ms)
			LoadAssemblies (64ms)
			RebuildTransferFunctionScriptingTraits (0ms)
			SetupTypeCache (117ms)
			ReleaseScriptCaches (0ms)
			RebuildScriptCaches (28ms)
			SetupLoadedEditorAssemblies (303ms)
				LogAssemblyErrors (0ms)
				InitializePlatformSupportModulesInManaged (41ms)
				SetLoadedEditorAssemblies (0ms)
				RefreshPlugins (117ms)
				BeforeProcessingInitializeOnLoad (1ms)
				ProcessInitializeOnLoadAttributes (100ms)
				ProcessInitializeOnLoadMethodAttributes (44ms)
				AfterProcessingInitializeOnLoad (0ms)
				EditorAssembliesLoaded (0ms)
			ExecutionOrderSort2 (0ms)
			AwakeInstancesAfterBackupRestoration (0ms)
Platform modules already initialized, skipping
Registering precompiled user dll's ...
Registered in 0.003668 seconds.
Begin MonoManager ReloadAssembly
Symbol file LoadedFromMemory doesn't match image E:\UnityProject\My project\Library\PackageCache\com.unity.visualscripting@1.7.6\Editor\VisualScripting.Core\Dependencies\YamlDotNet\Unity.VisualScripting.YamlDotNet.dll
Symbol file LoadedFromMemory doesn't match image E:\UnityProject\My project\Library\PackageCache\com.unity.visualscripting@1.7.6\Editor\VisualScripting.Core\Dependencies\DotNetZip\Unity.VisualScripting.IonicZip.dll
Native extension for WindowsStandalone target not found
Native extension for Android target not found
Refreshing native plugins compatible for Editor in 121.72 ms, found 3 plugins.
Preloading 0 native plugins for Editor in 0.00 ms.
Mono: successfully reloaded assembly
- Completed reload, in  1.370 seconds
Domain Reload Profiling:
	ReloadAssembly (1370ms)
		BeginReloadAssembly (106ms)
			ExecutionOrderSort (0ms)
			DisableScriptedObjects (8ms)
			BackupInstance (0ms)
			ReleaseScriptingObjects (0ms)
			CreateAndSetChildDomain (19ms)
		EndReloadAssembly (1161ms)
			LoadAssemblies (77ms)
			RebuildTransferFunctionScriptingTraits (0ms)
			SetupTypeCache (295ms)
			ReleaseScriptCaches (1ms)
			RebuildScriptCaches (84ms)
			SetupLoadedEditorAssemblies (654ms)
				LogAssemblyErrors (0ms)
				InitializePlatformSupportModulesInManaged (12ms)
				SetLoadedEditorAssemblies (0ms)
				RefreshPlugins (122ms)
				BeforeProcessingInitializeOnLoad (117ms)
				ProcessInitializeOnLoadAttributes (315ms)
				ProcessInitializeOnLoadMethodAttributes (84ms)
				AfterProcessingInitializeOnLoad (2ms)
				EditorAssembliesLoaded (0ms)
			ExecutionOrderSort2 (0ms)
			AwakeInstancesAfterBackupRestoration (5ms)
Platform modules already initialized, skipping
========================================================================
Worker process is ready to serve import requests
Launched and connected shader compiler UnityShaderCompiler.exe after 0.03 seconds
Refreshing native plugins compatible for Editor in 1.53 ms, found 3 plugins.
Preloading 0 native plugins for Editor in 0.00 ms.
Unloading 5983 Unused Serialized files (Serialized files now loaded: 0)
Unloading 47 unused Assets / (0.8 MB). Loaded Objects now: 6442.
Memory consumption went from 237.0 MB to 236.2 MB.
Total: 3.790100 ms (FindLiveObjects: 0.492500 ms CreateObjectMapping: 0.450200 ms MarkObjects: 2.537300 ms  DeleteObjects: 0.309000 ms)

AssetImportParameters requested are different than current active one (requested -> active):
  custom:video-decoder-ogg-theora: a1e56fd34408186e4bbccfd4996cb3dc -> 
  custom:container-muxer-webm: aa71ff27fc2769a1b78a27578f13a17b -> 
  custom:container-demuxer-webm: 4f35f7cbe854078d1ac9338744f61a02 -> 
  custom:video-encoder-webm-vp8: eb34c28f22e8b96e1ab97ce403110664 -> 
  custom:audio-encoder-webm-vorbis: bf7c407c2cedff20999df2af8eb42d56 -> 
  custom:framework-win-MediaFoundation: 216162199b28c13a410421893ffa2e32 -> 
  custom:SearchIndexIgnoredProperties: e643bd26f0fe6173181afceb89e7c659 -> 
  custom:container-demuxer-ogg: 62fdf1f143b41e24485cea50d1cbac27 -> 
  custom:video-decoder-webm-vp8: 9c59270c3fd7afecdb556c50c9e8de78 -> 
  custom:audio-decoder-ogg-vorbis: bf7c407c2cedff20999df2af8eb42d56 -> 
========================================================================
Received Import Request.
  Time since last request: 1196345.771360 seconds.
  path: Assets/TextMesh Pro/Resources/Fonts & Materials/LiberationSans SDF - Fallback.asset
  artifactKey: Guid(2e498d1c8094910479dc3e1b768306a4) Importer(815301076,1909f56bfc062723c751e8b465ee728b)
Start importing Assets/TextMesh Pro/Resources/Fonts & Materials/LiberationSans SDF - Fallback.asset using Guid(2e498d1c8094910479dc3e1b768306a4) Importer(815301076,1909f56bfc062723c751e8b465ee728b) Shader error in 'TextMeshPro/Mobile/Distance Field': Couldn't open include file 'TMPro_Properties.cginc'. at line 92
Shader error in 'TextMeshPro/Mobile/Distance Field': Couldn't open include file 'TMPro_Properties.cginc'. at line 92
 -> (artifact id: 'b4cf698103bea72c39472240db39db43') in 0.315342 seconds 
========================================================================
Received Import Request.
  Time since last request: 0.000049 seconds.
  path: Assets/TextMesh Pro/Resources/Fonts & Materials/LiberationSans SDF - Outline.mat
  artifactKey: Guid(79459efec17a4d00a321bdcc27bbc385) Importer(815301076,1909f56bfc062723c751e8b465ee728b)
Start importing Assets/TextMesh Pro/Resources/Fonts & Materials/LiberationSans SDF - Outline.mat using Guid(79459efec17a4d00a321bdcc27bbc385) Importer(815301076,1909f56bfc062723c751e8b465ee728b) Shader error in 'TextMeshPro/Mobile/Distance Field': Couldn't open include file 'TMPro_Properties.cginc'. at line 92
Shader error in 'TextMeshPro/Mobile/Distance Field': Couldn't open include file 'TMPro_Properties.cginc'. at line 92
 -> (artifact id: '5f23a766934841390078d24ddeda1159') in 0.135612 seconds 
========================================================================
Received Import Request.
  Time since last request: 155.195933 seconds.
  path: Assets/TextMesh Pro/Resources/Fonts & Materials/LiberationSans SDF - Fallback.asset
  artifactKey: Guid(2e498d1c8094910479dc3e1b768306a4) Importer(815301076,1909f56bfc062723c751e8b465ee728b)
Start importing Assets/TextMesh Pro/Resources/Fonts & Materials/LiberationSans SDF - Fallback.asset using Guid(2e498d1c8094910479dc3e1b768306a4) Importer(815301076,1909f56bfc062723c751e8b465ee728b)  -> (artifact id: 'eff4e5c57b0b1f19bb18e371e14bf6de') in 0.024951 seconds 
========================================================================
Received Import Request.
  Time since last request: 0.000035 seconds.
  path: Assets/TextMesh Pro/Resources/Fonts & Materials/LiberationSans SDF.asset
  artifactKey: Guid(8f586378b4e144a9851e7b34d9b748ee) Importer(815301076,1909f56bfc062723c751e8b465ee728b)
Start importing Assets/TextMesh Pro/Resources/Fonts & Materials/LiberationSans SDF.asset using Guid(8f586378b4e144a9851e7b34d9b748ee) Importer(815301076,1909f56bfc062723c751e8b465ee728b)  -> (artifact id: '4db30465f0e1ac2095c83a5027eed52d') in 0.046029 seconds 
========================================================================
Received Prepare
Registering precompiled user dll's ...
Registered in 0.004805 seconds.
Begin MonoManager ReloadAssembly
Symbol file LoadedFromMemory doesn't match image E:\UnityProject\My project\Library\PackageCache\com.unity.visualscripting@1.7.6\Editor\VisualScripting.Core\Dependencies\YamlDotNet\Unity.VisualScripting.YamlDotNet.dll
Symbol file LoadedFromMemory doesn't match image E:\UnityProject\My project\Library\PackageCache\com.unity.visualscripting@1.7.6\Editor\VisualScripting.Core\Dependencies\DotNetZip\Unity.VisualScripting.IonicZip.dll
Native extension for WindowsStandalone target not found
Native extension for Android target not found
Refreshing native plugins compatible for Editor in 1.63 ms, found 3 plugins.
Preloading 0 native plugins for Editor in 0.00 ms.
Mono: successfully reloaded assembly
- Completed reload, in  1.339 seconds
Domain Reload Profiling:
	ReloadAssembly (1339ms)
		BeginReloadAssembly (162ms)
			ExecutionOrderSort (0ms)
			DisableScriptedObjects (9ms)
			BackupInstance (0ms)
			ReleaseScriptingObjects (0ms)
			CreateAndSetChildDomain (57ms)
		EndReloadAssembly (1086ms)
			LoadAssemblies (84ms)
			RebuildTransferFunctionScriptingTraits (0ms)
			SetupTypeCache (300ms)
			ReleaseScriptCaches (2ms)
			RebuildScriptCaches (62ms)
			SetupLoadedEditorAssemblies (552ms)
				LogAssemblyErrors (0ms)
				InitializePlatformSupportModulesInManaged (20ms)
				SetLoadedEditorAssemblies (1ms)
				RefreshPlugins (2ms)
				BeforeProcessingInitializeOnLoad (110ms)
				ProcessInitializeOnLoadAttributes (324ms)
				ProcessInitializeOnLoadMethodAttributes (92ms)
				AfterProcessingInitializeOnLoad (3ms)
				EditorAssembliesLoaded (0ms)
			ExecutionOrderSort2 (0ms)
			AwakeInstancesAfterBackupRestoration (24ms)
Platform modules already initialized, skipping
Refreshing native plugins compatible for Editor in 3.02 ms, found 3 plugins.
Preloading 0 native plugins for Editor in 0.00 ms.
Unloading 5846 Unused Serialized files (Serialized files now loaded: 0)
Unloading 28 unused Assets / (0.8 MB). Loaded Objects now: 6585.
Memory consumption went from 231.8 MB to 231.0 MB.
Total: 4.906300 ms (FindLiveObjects: 0.513500 ms CreateObjectMapping: 0.512900 ms MarkObjects: 3.422000 ms  DeleteObjects: 0.456600 ms)

AssetImportParameters requested are different than current active one (requested -> active):
  custom:video-decoder-ogg-theora: a1e56fd34408186e4bbccfd4996cb3dc -> 
  custom:container-muxer-webm: aa71ff27fc2769a1b78a27578f13a17b -> 
  custom:container-demuxer-webm: 4f35f7cbe854078d1ac9338744f61a02 -> 
  custom:video-encoder-webm-vp8: eb34c28f22e8b96e1ab97ce403110664 -> 
  custom:audio-encoder-webm-vorbis: bf7c407c2cedff20999df2af8eb42d56 -> 
  custom:framework-win-MediaFoundation: 216162199b28c13a410421893ffa2e32 -> 
  custom:SearchIndexIgnoredProperties: e643bd26f0fe6173181afceb89e7c659 -> 
  custom:container-demuxer-ogg: 62fdf1f143b41e24485cea50d1cbac27 -> 
  custom:video-decoder-webm-vp8: 9c59270c3fd7afecdb556c50c9e8de78 -> 
  custom:audio-decoder-ogg-vorbis: bf7c407c2cedff20999df2af8eb42d56 -> 
========================================================================
Received Import Request.
  Time since last request: 111.058667 seconds.
  path: Assets/TextMesh Pro/Shaders/TMPro_Mobile.cginc
  artifactKey: Guid(c334973cef89a9840b0b0c507e0377ab) Importer(815301076,1909f56bfc062723c751e8b465ee728b)
Start importing Assets/TextMesh Pro/Shaders/TMPro_Mobile.cginc using Guid(c334973cef89a9840b0b0c507e0377ab) Importer(815301076,1909f56bfc062723c751e8b465ee728b)  -> (artifact id: '813be9876ce871083baf22ddd510ea72') in 0.029566 seconds 
========================================================================
Received Import Request.
  Time since last request: 8.437170 seconds.
  path: Assets/GridBuildingSystem/Prefabs/pfBuildingSound.prefab
  artifactKey: Guid(7763a701df95c6848a506e21230d6dab) Importer(815301076,1909f56bfc062723c751e8b465ee728b)
Start importing Assets/GridBuildingSystem/Prefabs/pfBuildingSound.prefab using Guid(7763a701df95c6848a506e21230d6dab) Importer(815301076,1909f56bfc062723c751e8b465ee728b)  -> (artifact id: '23e3bc21a5c51627e4e50be73e8b5f64') in 0.024930 seconds 
========================================================================
Received Import Request.
  Time since last request: 0.000030 seconds.
  path: Assets/GridBuildingSystem/Prefabs/pfIceCreamShop.prefab
  artifactKey: Guid(e4681c1e66ec317479eb59954d6e90d1) Importer(815301076,1909f56bfc062723c751e8b465ee728b)
Start importing Assets/GridBuildingSystem/Prefabs/pfIceCreamShop.prefab using Guid(e4681c1e66ec317479eb59954d6e90d1) Importer(815301076,1909f56bfc062723c751e8b465ee728b)  -> (artifact id: 'f6056a4c1b9d308e72b7680c26e1b2ff') in 2.288951 seconds 
========================================================================
Received Import Request.
  Time since last request: 0.000027 seconds.
  path: Assets/GridBuildingSystem/Prefabs/pfGasStation.prefab
  artifactKey: Guid(7ca49e627ebd22041bdbe7476c339167) Importer(815301076,1909f56bfc062723c751e8b465ee728b)
Start importing Assets/GridBuildingSystem/Prefabs/pfGasStation.prefab using Guid(7ca49e627ebd22041bdbe7476c339167) Importer(815301076,1909f56bfc062723c751e8b465ee728b)  -> (artifact id: '924b8c3aaeb3471399af035df0a488c9') in 0.023197 seconds 
========================================================================
Received Import Request.
  Time since last request: 16.544788 seconds.
  path: Assets/HouseBuildingSystem/HousePartsSO/Roof.asset
  artifactKey: Guid(829bedd482bbeb24eaf2cd504db60701) Importer(815301076,1909f56bfc062723c751e8b465ee728b)
Start importing Assets/HouseBuildingSystem/HousePartsSO/Roof.asset using Guid(829bedd482bbeb24eaf2cd504db60701) Importer(815301076,1909f56bfc062723c751e8b465ee728b)  -> (artifact id: '135c3daf803f2d8d744f66915188d1b1') in 0.006212 seconds 
========================================================================
Received Import Request.
  Time since last request: 0.000021 seconds.
  path: Assets/HouseBuildingSystem/HousePartsSO/Wall_2x1.asset
  artifactKey: Guid(177aaf22da7d7e9469720b39c26381fc) Importer(815301076,1909f56bfc062723c751e8b465ee728b)
Start importing Assets/HouseBuildingSystem/HousePartsSO/Wall_2x1.asset using Guid(177aaf22da7d7e9469720b39c26381fc) Importer(815301076,1909f56bfc062723c751e8b465ee728b)  -> (artifact id: '03423ba5459bd445f5ea181fabf6eabe') in 0.006543 seconds 
========================================================================
Received Import Request.
  Time since last request: 20.753452 seconds.
  path: Assets/HouseBuildingSystem/Prefabs/Objects/pfFloor2_2x2.prefab
  artifactKey: Guid(dd44c2f5869f832489a65e805fb5d5a2) Importer(815301076,1909f56bfc062723c751e8b465ee728b)
Start importing Assets/HouseBuildingSystem/Prefabs/Objects/pfFloor2_2x2.prefab using Guid(dd44c2f5869f832489a65e805fb5d5a2) Importer(815301076,1909f56bfc062723c751e8b465ee728b)  -> (artifact id: '76760568606e242af72d08f3f9336837') in 0.020152 seconds 
========================================================================
Received Import Request.
  Time since last request: 0.000033 seconds.
  path: Assets/HouseBuildingSystem/Prefabs/Objects/pfFloor_2x2.prefab
  artifactKey: Guid(d1773fbc49e594349898115bbdee0763) Importer(815301076,1909f56bfc062723c751e8b465ee728b)
Start importing Assets/HouseBuildingSystem/Prefabs/Objects/pfFloor_2x2.prefab using Guid(d1773fbc49e594349898115bbdee0763) Importer(815301076,1909f56bfc062723c751e8b465ee728b)  -> (artifact id: '93aa7af2f0a3ae9d7715ae907c382a7b') in 0.021038 seconds 
========================================================================
Received Import Request.
  Time since last request: 0.000026 seconds.
  path: Assets/HouseBuildingSystem/Prefabs/Objects/pfStairs_2x1_EdgeObject.prefab
  artifactKey: Guid(0dc052f07179c1a49aba7519ed313986) Importer(815301076,1909f56bfc062723c751e8b465ee728b)
Start importing Assets/HouseBuildingSystem/Prefabs/Objects/pfStairs_2x1_EdgeObject.prefab using Guid(0dc052f07179c1a49aba7519ed313986) Importer(815301076,1909f56bfc062723c751e8b465ee728b)  -> (artifact id: '3d5bb04e1da2605ce27b566db8a7c737') in 0.018401 seconds 
========================================================================
Received Import Request.
  Time since last request: 0.000035 seconds.
  path: Assets/HouseBuildingSystem/Prefabs/Objects/pfGlass_2x1_EdgeObject.prefab
  artifactKey: Guid(6ee1fbf2580bb1746962be6ea648f6cb) Importer(815301076,1909f56bfc062723c751e8b465ee728b)
Start importing Assets/HouseBuildingSystem/Prefabs/Objects/pfGlass_2x1_EdgeObject.prefab using Guid(6ee1fbf2580bb1746962be6ea648f6cb) Importer(815301076,1909f56bfc062723c751e8b465ee728b)  -> (artifact id: 'bb43bca3f47ccad27262405dd2d5af8d') in 0.016323 seconds 
========================================================================
Received Import Request.
  Time since last request: 0.000027 seconds.
  path: Assets/HouseBuildingSystem/Prefabs/Objects/pfWallWindow2_2x1_EdgeObject.prefab
  artifactKey: Guid(0495547bc5399ee4fb1b305bfffc02b2) Importer(815301076,1909f56bfc062723c751e8b465ee728b)
Start importing Assets/HouseBuildingSystem/Prefabs/Objects/pfWallWindow2_2x1_EdgeObject.prefab using Guid(0495547bc5399ee4fb1b305bfffc02b2) Importer(815301076,1909f56bfc062723c751e8b465ee728b)  -> (artifact id: 'b1762949eac5bb3b999826350e9b4d82') in 0.016052 seconds 
========================================================================
Received Import Request.
  Time since last request: 0.000024 seconds.
  path: Assets/HouseBuildingSystem/Prefabs/Objects/pfRoof.prefab
  artifactKey: Guid(e7ecdcbacecaa484ba59418d5d5610cb) Importer(815301076,1909f56bfc062723c751e8b465ee728b)
Start importing Assets/HouseBuildingSystem/Prefabs/Objects/pfRoof.prefab using Guid(e7ecdcbacecaa484ba59418d5d5610cb) Importer(815301076,1909f56bfc062723c751e8b465ee728b)  -> (artifact id: 'bf4c37e38a9ba519f2c224f7a6f712d6') in 0.037731 seconds 
Editor requested this worker to shutdown with reason: Scaling down because of idle timeout
AssetImportWorker is now disconnected from the server
Process exiting
Exiting without the bug reporter. Application will terminate with return code 0